ProjectARPath/Library/Bee/Android/Prj/Mono2x/Gradle/unityLibrary/build/intermediates/manifest_merge_blame_file/release/manifest-merger-blame-release-report.txt
1<?xml version="1.0" encoding="utf-8"?>
2<manifest xmlns:android="http://schemas.android.com/apk/res/android"
3    xmlns:tools="http://schemas.android.com/tools"
4    package="com.unity3d.player"
5    android:versionCode="1"
6    android:versionName="1.0" >
7
8    <uses-sdk
9        android:minSdkVersion="26"
9-->src\main\AndroidManifest.xml
10        android:targetSdkVersion="30" />
10-->src\main\AndroidManifest.xml
11
12    <uses-feature android:glEsVersion="0x00030000" />
12-->src\main\AndroidManifest.xml:19:3-52
12-->src\main\AndroidManifest.xml:19:17-49
13    <uses-feature
13-->src\main\AndroidManifest.xml:20:3-91
14        android:name="android.hardware.vulkan.version"
14-->src\main\AndroidManifest.xml:20:17-63
15        android:required="false" />
15-->src\main\AndroidManifest.xml:20:64-88
16
17    <uses-permission android:name="android.permission.INTERNET" />
17-->src\main\AndroidManifest.xml:21:3-65
17-->src\main\AndroidManifest.xml:21:20-62
18    <uses-permission android:name="android.permission.ACCESS_FINE_LOCATION" />
18-->src\main\AndroidManifest.xml:22:3-77
18-->src\main\AndroidManifest.xml:22:20-74
19
20    <uses-feature
20-->src\main\AndroidManifest.xml:23:3-89
21        android:name="android.hardware.location.gps"
21-->src\main\AndroidManifest.xml:23:17-61
22        android:required="false" />
22-->src\main\AndroidManifest.xml:23:62-86
23    <uses-feature
23-->src\main\AndroidManifest.xml:24:3-85
24        android:name="android.hardware.location"
24-->src\main\AndroidManifest.xml:24:17-57
25        android:required="false" />
25-->src\main\AndroidManifest.xml:24:58-82
26
27    <uses-permission android:name="android.permission.CAMERA" />
27-->src\main\AndroidManifest.xml:25:3-63
27-->src\main\AndroidManifest.xml:25:20-60
28
29    <uses-feature
29-->src\main\AndroidManifest.xml:26:3-83
30        android:name="android.hardware.camera"
30-->src\main\AndroidManifest.xml:26:17-55
31        android:required="false" />
31-->src\main\AndroidManifest.xml:26:56-80
32    <uses-feature
32-->src\main\AndroidManifest.xml:27:3-93
33        android:name="android.hardware.camera.autofocus"
33-->src\main\AndroidManifest.xml:27:17-65
34        android:required="false" />
34-->src\main\AndroidManifest.xml:27:66-90
35    <uses-feature
35-->src\main\AndroidManifest.xml:28:3-89
36        android:name="android.hardware.camera.front"
36-->src\main\AndroidManifest.xml:28:17-61
37        android:required="false" />
37-->src\main\AndroidManifest.xml:28:62-86
38    <uses-feature
38-->src\main\AndroidManifest.xml:29:3-88
39        android:name="android.hardware.touchscreen"
39-->src\main\AndroidManifest.xml:29:17-60
40        android:required="false" />
40-->src\main\AndroidManifest.xml:29:61-85
41    <uses-feature
41-->src\main\AndroidManifest.xml:30:3-99
42        android:name="android.hardware.touchscreen.multitouch"
42-->src\main\AndroidManifest.xml:30:17-71
43        android:required="false" />
43-->src\main\AndroidManifest.xml:30:72-96
44    <uses-feature
44-->src\main\AndroidManifest.xml:31:3-108
45        android:name="android.hardware.touchscreen.multitouch.distinct"
45-->src\main\AndroidManifest.xml:31:17-80
46        android:required="false" />
46-->src\main\AndroidManifest.xml:31:81-105
47
48    <application android:extractNativeLibs="true" >
48-->src\main\AndroidManifest.xml:3:3-18:17
48-->src\main\AndroidManifest.xml:3:16-48
49        <activity
49-->src\main\AndroidManifest.xml:4:5-12:16
50            android:name="com.unity3d.player.UnityPlayerActivity"
50-->src\main\AndroidManifest.xml:4:15-68
51            android:configChanges="mcc|mnc|locale|touchscreen|keyboard|keyboardHidden|navigation|orientation|screenLayout|uiMode|screenSize|smallestScreenSize|fontScale|layoutDirection|density"
51-->src\main\AndroidManifest.xml:4:180-361
52            android:hardwareAccelerated="false"
52-->src\main\AndroidManifest.xml:4:397-432
53            android:launchMode="singleTask"
53-->src\main\AndroidManifest.xml:4:148-179
54            android:resizeableActivity="false"
54-->src\main\AndroidManifest.xml:4:362-396
55            android:screenOrientation="portrait"
55-->src\main\AndroidManifest.xml:4:111-147
56            android:theme="@style/UnityThemeSelector" >
56-->src\main\AndroidManifest.xml:4:69-110
57            <intent-filter>
57-->src\main\AndroidManifest.xml:5:7-8:23
58                <action android:name="android.intent.action.MAIN" />
58-->src\main\AndroidManifest.xml:6:9-61
58-->src\main\AndroidManifest.xml:6:17-58
59
60                <category android:name="android.intent.category.LAUNCHER" />
60-->src\main\AndroidManifest.xml:7:9-69
60-->src\main\AndroidManifest.xml:7:19-66
61            </intent-filter>
62
63            <meta-data
63-->src\main\AndroidManifest.xml:9:7-82
64                android:name="unityplayer.UnityActivity"
64-->src\main\AndroidManifest.xml:9:18-58
65                android:value="true" />
65-->src\main\AndroidManifest.xml:9:59-79
66
67            <layout
67-->src\main\AndroidManifest.xml:10:7-128
68                android:defaultHeight="800px"
68-->src\main\AndroidManifest.xml:10:15-44
69                android:defaultWidth="1280px"
69-->src\main\AndroidManifest.xml:10:45-74
70                android:minHeight="300px"
70-->src\main\AndroidManifest.xml:10:75-100
71                android:minWidth="400px" />
71-->src\main\AndroidManifest.xml:10:101-125
72
73            <meta-data
73-->src\main\AndroidManifest.xml:11:7-78
74                android:name="android.notch_support"
74-->src\main\AndroidManifest.xml:11:18-54
75                android:value="true" />
75-->src\main\AndroidManifest.xml:11:55-75
76        </activity>
77
78        <meta-data
78-->src\main\AndroidManifest.xml:13:5-69
79            android:name="unity.splash-mode"
79-->src\main\AndroidManifest.xml:13:16-48
80            android:value="0" />
80-->src\main\AndroidManifest.xml:13:49-66
81        <meta-data
81-->src\main\AndroidManifest.xml:14:5-74
82            android:name="unity.splash-enable"
82-->src\main\AndroidManifest.xml:14:16-50
83            android:value="True" />
83-->src\main\AndroidManifest.xml:14:51-71
84        <meta-data
84-->src\main\AndroidManifest.xml:15:5-78
85            android:name="unity.launch-fullscreen"
85-->src\main\AndroidManifest.xml:15:16-54
86            android:value="True" />
86-->src\main\AndroidManifest.xml:15:55-75
87        <meta-data
87-->src\main\AndroidManifest.xml:16:5-84
88            android:name="unity.allow-resizable-window"
88-->src\main\AndroidManifest.xml:16:16-59
89            android:value="False" />
89-->src\main\AndroidManifest.xml:16:60-81
90        <meta-data
90-->src\main\AndroidManifest.xml:17:5-81
91            android:name="notch.config"
91-->src\main\AndroidManifest.xml:17:16-43
92            android:value="portrait|landscape" />
92-->src\main\AndroidManifest.xml:17:44-78
93    </application>
94
95</manifest>